<?xml version="1.0" encoding="UTF-8"?>
<!-- Generated by org.testng.reporters.JUnitXMLReporter -->
<testsuite hostname="pc" ignored="0" name="Test" tests="1" failures="1" timestamp="2021-03-12T17:27:18 IST" time="50.362" errors="0">
  <testcase name="verifyLoginPageFunctionlity" time="26.977" classname="com.quicklly.LoginTC.LoginTC">
    <failure type="java.lang.NoSuchMethodError" message="org.apache.xmlbeans.XmlOptions.put(Ljava/lang/Object;)V">
      <![CDATA[java.lang.NoSuchMethodError: org.apache.xmlbeans.XmlOptions.put(Ljava/lang/Object;)V
at org.apache.poi.xssf.model.SharedStringsTable.<clinit>(SharedStringsTable.java:91)
at org.apache.poi.xssf.usermodel.XSSFFactory.createDocumentPart(XSSFFactory.java:56)
at org.apache.poi.POIXMLFactory.createDocumentPart(POIXMLFactory.java:62)
at org.apache.poi.POIXMLDocumentPart.read(POIXMLDocumentPart.java:601)
at org.apache.poi.POIXMLDocument.load(POIXMLDocument.java:174)
at org.apache.poi.xssf.usermodel.XSSFWorkbook.<init>(XSSFWorkbook.java:279)
at com.utilities.Xls_Reader.<init>(Xls_Reader.java:35)
at com.quicklly.LoginPageObjects.Login.SignIn(Login.java:47)
at com.quicklly.LoginTC.LoginTC.verifyLoginPageFunctionlity(LoginTC.java:29)
at java.util.ArrayList.forEach(ArrayList.java:1259)
... Removed 31 stack frames]]>
    </failure>
  </testcase> <!-- verifyLoginPageFunctionlity -->
</testsuite> <!-- Test -->
