<?xml version="1.0" encoding="UTF-8"?>
<testng-results skipped="0" failed="1" ignored="0" total="1" passed="0">
  <reporter-output>
    <line>
      <![CDATA[Using application URL http://uat.quicklly.com]]>
    </line>
    <line>
      <![CDATA[***********SuccessFully Login with New User***********]]>
    </line>
  </reporter-output>
  <suite name="Default suite" duration-ms="70871" started-at="2021-03-12T19:46:49 IST" finished-at="2021-03-12T19:48:00 IST">
    <groups>
    </groups>
    <test name="Default test" duration-ms="70871" started-at="2021-03-12T19:46:49 IST" finished-at="2021-03-12T19:48:00 IST">
      <class name="com.quicklly.LoginTC.LoginTC">
        <test-method status="PASS" signature="browserLaunch()[pri:0, instance:com.quicklly.LoginTC.LoginTC@6e2c9341]" name="browserLaunch" is-config="true" duration-ms="33061" started-at="2021-03-12T19:46:49 IST" finished-at="2021-03-12T19:47:22 IST">
          <reporter-output>
            <line>
              <![CDATA[Using application URL http://uat.quicklly.com]]>
            </line>
          </reporter-output>
        </test-method> <!-- browserLaunch -->
        <test-method status="FAIL" signature="verifyLoginPageFunctionlity()[pri:0, instance:com.quicklly.LoginTC.LoginTC@6e2c9341]" name="verifyLoginPageFunctionlity" duration-ms="35754" started-at="2021-03-12T19:47:22 IST" finished-at="2021-03-12T19:47:58 IST">
          <exception class="java.lang.NoSuchMethodError">
            <message>
              <![CDATA[org.apache.xmlbeans.XmlOptions.put(Ljava/lang/Object;)V]]>
            </message>
            <full-stacktrace>
              <![CDATA[java.lang.NoSuchMethodError: org.apache.xmlbeans.XmlOptions.put(Ljava/lang/Object;)V
at org.apache.poi.xssf.model.SharedStringsTable.<clinit>(SharedStringsTable.java:91)
at sun.reflect.NativeConstructorAccessorImpl.newInstance0(Native Method)
at sun.reflect.NativeConstructorAccessorImpl.newInstance(Unknown Source)
at sun.reflect.DelegatingConstructorAccessorImpl.newInstance(Unknown Source)
at java.lang.reflect.Constructor.newInstance(Unknown Source)
at org.apache.poi.xssf.usermodel.XSSFFactory.createDocumentPart(XSSFFactory.java:56)
at org.apache.poi.POIXMLFactory.createDocumentPart(POIXMLFactory.java:62)
at org.apache.poi.POIXMLDocumentPart.read(POIXMLDocumentPart.java:601)
at org.apache.poi.POIXMLDocument.load(POIXMLDocument.java:174)
at org.apache.poi.xssf.usermodel.XSSFWorkbook.<init>(XSSFWorkbook.java:279)
at com.utilities.Xls_Reader.<init>(Xls_Reader.java:35)
at com.quicklly.LoginPageObjects.Login.SignIn(Login.java:47)
at com.quicklly.LoginTC.LoginTC.verifyLoginPageFunctionlity(LoginTC.java:29)
at sun.reflect.NativeMethodAccessorImpl.invoke0(Native Method)
at sun.reflect.NativeMethodAccessorImpl.invoke(Unknown Source)
at sun.reflect.DelegatingMethodAccessorImpl.invoke(Unknown Source)
at java.lang.reflect.Method.invoke(Unknown Source)
at org.testng.internal.MethodInvocationHelper.invokeMethod(MethodInvocationHelper.java:133)
at org.testng.internal.TestInvoker.invokeMethod(TestInvoker.java:598)
at org.testng.internal.TestInvoker.invokeTestMethod(TestInvoker.java:173)
at org.testng.internal.MethodRunner.runInSequence(MethodRunner.java:46)
at org.testng.internal.TestInvoker$MethodInvocationAgent.invoke(TestInvoker.java:824)
at org.testng.internal.TestInvoker.invokeTestMethods(TestInvoker.java:146)
at org.testng.internal.TestMethodWorker.invokeTestMethods(TestMethodWorker.java:146)
at org.testng.internal.TestMethodWorker.run(TestMethodWorker.java:128)
at java.util.ArrayList.forEach(Unknown Source)
at org.testng.TestRunner.privateRun(TestRunner.java:794)
at org.testng.TestRunner.run(TestRunner.java:596)
at org.testng.SuiteRunner.runTest(SuiteRunner.java:377)
at org.testng.SuiteRunner.runSequentially(SuiteRunner.java:371)
at org.testng.SuiteRunner.privateRun(SuiteRunner.java:332)
at org.testng.SuiteRunner.run(SuiteRunner.java:276)
at org.testng.SuiteRunnerWorker.runSuite(SuiteRunnerWorker.java:53)
at org.testng.SuiteRunnerWorker.run(SuiteRunnerWorker.java:96)
at org.testng.TestNG.runSuitesSequentially(TestNG.java:1212)
at org.testng.TestNG.runSuitesLocally(TestNG.java:1134)
at org.testng.TestNG.runSuites(TestNG.java:1063)
at org.testng.TestNG.run(TestNG.java:1031)
at org.testng.remote.AbstractRemoteTestNG.run(AbstractRemoteTestNG.java:115)
at org.testng.remote.RemoteTestNG.initAndRun(RemoteTestNG.java:251)
at org.testng.remote.RemoteTestNG.main(RemoteTestNG.java:77)
]]>
            </full-stacktrace>
          </exception> <!-- java.lang.NoSuchMethodError -->
          <reporter-output>
            <line>
              <![CDATA[***********SuccessFully Login with New User***********]]>
            </line>
          </reporter-output>
        </test-method> <!-- verifyLoginPageFunctionlity -->
        <test-method status="PASS" signature="firefoxBrowserClose(org.testng.ITestResult)[pri:0, instance:com.quicklly.LoginTC.LoginTC@6e2c9341]" name="firefoxBrowserClose" is-config="true" duration-ms="1767" started-at="2021-03-12T19:47:58 IST" finished-at="2021-03-12T19:48:00 IST">
          <params>
            <param index="0">
              <value>
                <![CDATA[[TestResult name=verifyLoginPageFunctionlity status=FAILURE method=LoginTC.verifyLoginPageFunctionlity()[pri:0, instance:com.quicklly.LoginTC.LoginTC@6e2c9341] output=***********SuccessFully Login with New User***********]]]>
              </value>
            </param>
          </params>
          <reporter-output>
          </reporter-output>
        </test-method> <!-- firefoxBrowserClose -->
      </class> <!-- com.quicklly.LoginTC.LoginTC -->
    </test> <!-- Default test -->
  </suite> <!-- Default suite -->
</testng-results>
